<?xml version="1.0" encoding="UTF-8"?>
<testsuite xmlns:xsi="http://www.w3.org/2001/XMLSchema-instance" xsi:noNamespaceSchemaLocation="https://maven.apache.org/surefire/maven-surefire-plugin/xsd/surefire-test-report-3.0.xsd" version="3.0" name="cl.perfulandia.sucursal.controller.SucursalControllerTest" time="4.551" tests="5" errors="0" skipped="0" failures="0">
  <properties>
[...]
</properties>
  <testcase name="testControllerObtenerSucursalPorId" classname="cl.perfulandia.sucursal.controller.SucursalControllerTest" time="0.263">
    <system-out><![CDATA[21:09:39.380 [main] INFO org.springframework.test.context.support.AnnotationConfigContextLoaderUtils -- Could not detect default configuration classes for test class [cl.perfulandia.sucursal.controller.SucursalControllerTest]: SucursalControllerTest does not declare any static, non-private, non-final, nested classes annotated with @Configuration.
21:09:39.544 [main] INFO org.springframework.boot.test.context.SpringBootTestContextBootstrapper -- Found @SpringBootConfiguration cl.perfulandia.sucursal.SucursalApplication for test class cl.perfulandia.sucursal.controller.SucursalControllerTest
21:09:39.658 [main] INFO org.springframework.boot.devtools.restart.RestartApplicationListener -- Restart disabled due to context in which it is running

  .   ____          _            __ _ _
 /\\ / ___'_ __ _ _(_)_ __  __ _ \ \ \ \
( ( )\___ | '_ | '_| | '_ \/ _` | \ \ \ \
 \\/  ___)| |_)| | | | | || (_| |  ) ) ) )
  '  |____| .__|_| |_|_| |_\__, | / / / /
 =========|_|==============|___/=/_/_/_/

 :: Spring Boot ::               (v3.3.10)

2025-06-05T21:09:41.169-04:00  INFO 62244 --- [sucursal] [           main] c.p.s.controller.SucursalControllerTest  : Starting SucursalControllerTest using Java 18.0.2.1 with PID 62244 (started by vina in C:\Users\vina\Sucursal)
2025-06-05T21:09:41.170-04:00  INFO 62244 --- [sucursal] [           main] c.p.s.controller.SucursalControllerTest  : No active profile set, falling back to 1 default profile: "default"
2025-06-05T21:09:43.286-04:00  INFO 62244 --- [sucursal] [           main] o.s.b.t.m.w.SpringBootMockServletContext : Initializing Spring TestDispatcherServlet ''
2025-06-05T21:09:43.287-04:00  INFO 62244 --- [sucursal] [           main] o.s.t.web.servlet.TestDispatcherServlet  : Initializing Servlet ''
2025-06-05T21:09:43.289-04:00  INFO 62244 --- [sucursal] [           main] o.s.t.web.servlet.TestDispatcherServlet  : Completed initialization in 1 ms
2025-06-05T21:09:43.324-04:00  INFO 62244 --- [sucursal] [           main] c.p.s.controller.SucursalControllerTest  : Started SucursalControllerTest in 3.681 seconds (process running for 4.901)
]]></system-out>
  </testcase>
  <testcase name="testControllerEliminarSucursal" classname="cl.perfulandia.sucursal.controller.SucursalControllerTest" time="0.009"/>
  <testcase name="testControllerRegistrarMovimiento" classname="cl.perfulandia.sucursal.controller.SucursalControllerTest" time="0.052"/>
  <testcase name="testControllerGuardarSucursal" classname="cl.perfulandia.sucursal.controller.SucursalControllerTest" time="0.007"/>
  <testcase name="testControllerObteneSucursales" classname="cl.perfulandia.sucursal.controller.SucursalControllerTest" time="0.009"/>
</testsuite>