<?xml version="1.0" encoding="UTF-8"?>
<testsuite xmlns:xsi="http://www.w3.org/2001/XMLSchema-instance" xsi:noNamespaceSchemaLocation="https://maven.apache.org/surefire/maven-surefire-plugin/xsd/surefire-test-report-3.0.xsd" version="3.0" name="cl.perfulandia.sucursal.SucursalApplicationTests" time="9.09" tests="1" errors="0" skipped="0" failures="0">
  <properties>
[...]
</properties>
  <testcase name="mainTest" classname="cl.perfulandia.sucursal.SucursalApplicationTests" time="6.37">
    <system-out><![CDATA[2025-06-05T21:09:48.562-04:00  INFO 62244 --- [sucursal] [           main] t.c.s.AnnotationConfigContextLoaderUtils : Could not detect default configuration classes for test class [cl.perfulandia.sucursal.SucursalApplicationTests]: SucursalApplicationTests does not declare any static, non-private, non-final, nested classes annotated with @Configuration.
2025-06-05T21:09:48.567-04:00  INFO 62244 --- [sucursal] [           main] .b.t.c.SpringBootTestContextBootstrapper : Found @SpringBootConfiguration cl.perfulandia.sucursal.SucursalApplication for test class cl.perfulandia.sucursal.SucursalApplicationTests
2025-06-05T21:09:48.569-04:00  INFO 62244 --- [sucursal] [           main] o.s.b.d.r.RestartApplicationListener     : Restart disabled due to context in which it is running

  .   ____          _            __ _ _
 /\\ / ___'_ __ _ _(_)_ __  __ _ \ \ \ \
( ( )\___ | '_ | '_| | '_ \/ _` | \ \ \ \
 \\/  ___)| |_)| | | | | || (_| |  ) ) ) )
  '  |____| .__|_| |_|_| |_\__, | / / / /
 =========|_|==============|___/=/_/_/_/

 :: Spring Boot ::               (v3.3.10)

2025-06-05T21:09:49.759-04:00  INFO 62244 --- [sucursal] [           main] c.p.sucursal.SucursalApplicationTests    : Starting SucursalApplicationTests using Java 18.0.2.1 with PID 62244 (started by vina in C:\Users\vina\Sucursal)
2025-06-05T21:09:49.760-04:00  INFO 62244 --- [sucursal] [           main] c.p.sucursal.SucursalApplicationTests    : The following 1 profile is active: "test"
2025-06-05T21:09:49.843-04:00  INFO 62244 --- [sucursal] [           main] .s.d.r.c.RepositoryConfigurationDelegate : Bootstrapping Spring Data JPA repositories in DEFAULT mode.
2025-06-05T21:09:49.848-04:00  INFO 62244 --- [sucursal] [           main] .s.d.r.c.RepositoryConfigurationDelegate : Finished Spring Data repository scanning in 4 ms. Found 1 JPA repository interface.
2025-06-05T21:09:49.860-04:00  INFO 62244 --- [sucursal] [           main] o.s.cloud.context.scope.GenericScope     : BeanFactory id=fd933a6b-4312-3615-900c-2dcf1087a899
2025-06-05T21:09:49.887-04:00  INFO 62244 --- [sucursal] [           main] o.hibernate.jpa.internal.util.LogHelper  : HHH000204: Processing PersistenceUnitInfo [name: default]
2025-06-05T21:09:49.888-04:00  INFO 62244 --- [sucursal] [           main] o.h.c.internal.RegionFactoryInitiator    : HHH000026: Second-level cache disabled
2025-06-05T21:09:49.892-04:00  INFO 62244 --- [sucursal] [           main] o.s.o.j.p.SpringPersistenceUnitInfo      : No LoadTimeWeaver setup: ignoring JPA class transformer
2025-06-05T21:09:49.893-04:00  INFO 62244 --- [sucursal] [           main] com.zaxxer.hikari.HikariDataSource       : HikariPool-2 - Starting...
2025-06-05T21:09:49.895-04:00  INFO 62244 --- [sucursal] [           main] com.zaxxer.hikari.pool.HikariPool        : HikariPool-2 - Added connection conn10: url=jdbc:h2:mem:testdb user=SA
2025-06-05T21:09:49.895-04:00  INFO 62244 --- [sucursal] [           main] com.zaxxer.hikari.HikariDataSource       : HikariPool-2 - Start completed.
2025-06-05T21:09:49.895-04:00  WARN 62244 --- [sucursal] [           main] org.hibernate.orm.deprecation            : HHH90000025: MySQL8Dialect does not need to be specified explicitly using 'hibernate.dialect' (remove the property setting and it will be selected by default)
2025-06-05T21:09:49.895-04:00  WARN 62244 --- [sucursal] [           main] org.hibernate.orm.deprecation            : HHH90000026: MySQL8Dialect has been deprecated; use org.hibernate.dialect.MySQLDialect instead
2025-06-05T21:09:49.913-04:00  INFO 62244 --- [sucursal] [           main] o.h.e.t.j.p.i.JtaPlatformInitiator       : HHH000489: No JTA platform available (set 'hibernate.transaction.jta.platform' to enable JTA platform integration)
Hibernate: 
    drop table if exists sucursal
Hibernate: 
    create table sucursal (
        sucursal_id bigint not null auto_increment,
        correo varchar(255),
        direccion varchar(255),
        nombre varchar(255),
        telefono varchar(255),
        primary key (sucursal_id)
    ) engine=InnoDB
2025-06-05T21:09:49.915-04:00  INFO 62244 --- [sucursal] [           main] j.LocalContainerEntityManagerFactoryBean : Initialized JPA EntityManagerFactory for persistence unit 'default'
2025-06-05T21:09:50.047-04:00  WARN 62244 --- [sucursal] [           main] JpaBaseConfiguration$JpaWebConfiguration : spring.jpa.open-in-view is enabled by default. Therefore, database queries may be performed during view rendering. Explicitly configure spring.jpa.open-in-view to disable this warning
2025-06-05T21:09:51.272-04:00  INFO 62244 --- [sucursal] [           main] o.s.cloud.commons.util.InetUtils         : Cannot determine local hostname
2025-06-05T21:09:51.280-04:00  INFO 62244 --- [sucursal] [           main] c.p.sucursal.SucursalApplicationTests    : Started SucursalApplicationTests in 2.711 seconds (process running for 12.856)
2025-06-05T21:09:51.282-04:00  INFO 62244 --- [sucursal] [           main] o.s.b.d.r.RestartApplicationListener     : Restart disabled due to context in which it is running

  .   ____          _            __ _ _
 /\\ / ___'_ __ _ _(_)_ __  __ _ \ \ \ \
( ( )\___ | '_ | '_| | '_ \/ _` | \ \ \ \
 \\/  ___)| |_)| | | | | || (_| |  ) ) ) )
  '  |____| .__|_| |_|_| |_\__, | / / / /
 =========|_|==============|___/=/_/_/_/

 :: Spring Boot ::               (v3.3.10)

2025-06-05T21:09:52.478-04:00  INFO 62244 --- [sucursal] [           main] c.p.sucursal.SucursalApplication         : Starting SucursalApplication using Java 18.0.2.1 with PID 62244 (started by vina in C:\Users\vina\Sucursal)
2025-06-05T21:09:52.479-04:00  INFO 62244 --- [sucursal] [           main] c.p.sucursal.SucursalApplication         : No active profile set, falling back to 1 default profile: "default"
2025-06-05T21:09:52.554-04:00  INFO 62244 --- [sucursal] [           main] .s.d.r.c.RepositoryConfigurationDelegate : Bootstrapping Spring Data JPA repositories in DEFAULT mode.
2025-06-05T21:09:52.559-04:00  INFO 62244 --- [sucursal] [           main] .s.d.r.c.RepositoryConfigurationDelegate : Finished Spring Data repository scanning in 4 ms. Found 1 JPA repository interface.
2025-06-05T21:09:52.573-04:00  INFO 62244 --- [sucursal] [           main] o.s.cloud.context.scope.GenericScope     : BeanFactory id=aa212bc7-eecd-389d-bec9-bbdf769c256f
2025-06-05T21:09:52.691-04:00  INFO 62244 --- [sucursal] [           main] o.s.b.w.embedded.tomcat.TomcatWebServer  : Tomcat initialized with port 8080 (http)
2025-06-05T21:09:52.703-04:00  INFO 62244 --- [sucursal] [           main] o.apache.catalina.core.StandardService   : Starting service [Tomcat]
2025-06-05T21:09:52.703-04:00  INFO 62244 --- [sucursal] [           main] o.apache.catalina.core.StandardEngine    : Starting Servlet engine: [Apache Tomcat/10.1.39]
2025-06-05T21:09:52.742-04:00  INFO 62244 --- [sucursal] [           main] o.a.c.c.C.[Tomcat].[localhost].[/]       : Initializing Spring embedded WebApplicationContext
2025-06-05T21:09:52.742-04:00  INFO 62244 --- [sucursal] [           main] w.s.c.ServletWebServerApplicationContext : Root WebApplicationContext: initialization completed in 262 ms
2025-06-05T21:09:52.787-04:00  INFO 62244 --- [sucursal] [           main] o.hibernate.jpa.internal.util.LogHelper  : HHH000204: Processing PersistenceUnitInfo [name: default]
2025-06-05T21:09:52.788-04:00  INFO 62244 --- [sucursal] [           main] o.h.c.internal.RegionFactoryInitiator    : HHH000026: Second-level cache disabled
2025-06-05T21:09:52.792-04:00  INFO 62244 --- [sucursal] [           main] o.s.o.j.p.SpringPersistenceUnitInfo      : No LoadTimeWeaver setup: ignoring JPA class transformer
2025-06-05T21:09:52.792-04:00  INFO 62244 --- [sucursal] [           main] com.zaxxer.hikari.HikariDataSource       : HikariPool-3 - Starting...
2025-06-05T21:09:54.514-04:00  INFO 62244 --- [sucursal] [           main] com.zaxxer.hikari.pool.HikariPool        : HikariPool-3 - Added connection com.mysql.cj.jdbc.ConnectionImpl@4d1163c7
2025-06-05T21:09:54.514-04:00  INFO 62244 --- [sucursal] [           main] com.zaxxer.hikari.HikariDataSource       : HikariPool-3 - Start completed.
2025-06-05T21:09:54.656-04:00  WARN 62244 --- [sucursal] [           main] org.hibernate.orm.deprecation            : HHH90000025: MySQL8Dialect does not need to be specified explicitly using 'hibernate.dialect' (remove the property setting and it will be selected by default)
2025-06-05T21:09:54.656-04:00  WARN 62244 --- [sucursal] [           main] org.hibernate.orm.deprecation            : HHH90000026: MySQL8Dialect has been deprecated; use org.hibernate.dialect.MySQLDialect instead
2025-06-05T21:09:54.674-04:00  INFO 62244 --- [sucursal] [           main] o.h.e.t.j.p.i.JtaPlatformInitiator       : HHH000489: No JTA platform available (set 'hibernate.transaction.jta.platform' to enable JTA platform integration)
Hibernate: 
    drop table if exists sucursal
Hibernate: 
    create table sucursal (
        sucursal_id bigint not null auto_increment,
        correo varchar(255),
        direccion varchar(255),
        nombre varchar(255),
        telefono varchar(255),
        primary key (sucursal_id)
    ) engine=InnoDB
2025-06-05T21:09:55.194-04:00  INFO 62244 --- [sucursal] [           main] j.LocalContainerEntityManagerFactoryBean : Initialized JPA EntityManagerFactory for persistence unit 'default'
2025-06-05T21:09:55.221-04:00  WARN 62244 --- [sucursal] [           main] JpaBaseConfiguration$JpaWebConfiguration : spring.jpa.open-in-view is enabled by default. Therefore, database queries may be performed during view rendering. Explicitly configure spring.jpa.open-in-view to disable this warning
2025-06-05T21:09:56.426-04:00  INFO 62244 --- [sucursal] [           main] o.s.cloud.commons.util.InetUtils         : Cannot determine local hostname
2025-06-05T21:09:56.454-04:00  INFO 62244 --- [sucursal] [           main] o.s.b.w.embedded.tomcat.TomcatWebServer  : Tomcat started on port 8080 (http) with context path '/'
2025-06-05T21:09:57.643-04:00  INFO 62244 --- [sucursal] [           main] o.s.cloud.commons.util.InetUtils         : Cannot determine local hostname
2025-06-05T21:09:57.650-04:00  INFO 62244 --- [sucursal] [           main] c.p.sucursal.SucursalApplication         : Started SucursalApplication in 6.368 seconds (process running for 19.227)
]]></system-out>
  </testcase>
</testsuite>